<?xml version="1.0" encoding="UTF-8"?>
<testng-results ignored="0" total="2" passed="2" failed="0" skipped="0">
  <reporter-output>
  </reporter-output>
  <suite started-at="2023-01-21T14:08:19 IST" name="Default suite" finished-at="2023-01-21T14:08:42 IST" duration-ms="23371">
    <groups>
    </groups>
    <test started-at="2023-01-21T14:08:19 IST" name="Default test" finished-at="2023-01-21T14:08:42 IST" duration-ms="23371">
      <class name="com.bankingproject.loginpage.LoginPageTest">
        <test-method is-config="true" signature="setup()[pri:0, instance:com.bankingproject.loginpage.LoginPageTest@77fbd92c]" started-at="2023-01-21T14:08:19 IST" name="setup" finished-at="2023-01-21T14:08:26 IST" duration-ms="7049" status="PASS">
          <reporter-output>
          </reporter-output>
        </test-method> <!-- setup -->
        <test-method signature="testTitle()[pri:0, instance:com.bankingproject.loginpage.LoginPageTest@77fbd92c]" started-at="2023-01-21T14:08:26 IST" name="testTitle" finished-at="2023-01-21T14:08:26 IST" duration-ms="10" status="PASS">
          <reporter-output>
          </reporter-output>
        </test-method> <!-- testTitle -->
        <test-method signature="testURL()[pri:0, instance:com.bankingproject.loginpage.LoginPageTest@77fbd92c]" started-at="2023-01-21T14:08:26 IST" name="testURL" finished-at="2023-01-21T14:08:26 IST" duration-ms="10" status="PASS">
          <reporter-output>
          </reporter-output>
        </test-method> <!-- testURL -->
        <test-method is-config="true" signature="tearDown()[pri:0, instance:com.bankingproject.loginpage.LoginPageTest@77fbd92c]" started-at="2023-01-21T14:08:26 IST" name="tearDown" finished-at="2023-01-21T14:08:42 IST" duration-ms="16259" status="PASS">
          <reporter-output>
          </reporter-output>
        </test-method> <!-- tearDown -->
      </class> <!-- com.bankingproject.loginpage.LoginPageTest -->
    </test> <!-- Default test -->
  </suite> <!-- Default suite -->
</testng-results>
